<?xml version="1.0" encoding="UTF-8"?>
<testsuite name="is.ru.tictactoe.TicTacToeTest" tests="1" skipped="0" failures="0" errors="0" timestamp="2014-10-29T20:18:08" hostname="i-3a29db7a" time="0.005">
  <properties/>
  <testcase name="testXoreO" classname="is.ru.tictactoe.TicTacToeTest" time="0.005"/>
  <system-out><![CDATA[]]></system-out>
  <system-err><![CDATA[]]></system-err>
</testsuite>
