<?xml version="1.0" encoding="UTF-8"?>
<testsuite name="is.ru.tictactoe.TicTacToeTest" tests="10" skipped="0" failures="0" errors="0" timestamp="2014-10-30T23:22:26" hostname="i-3a29db7a" time="0.09">
  <properties/>
  <testcase name="testNotXO" classname="is.ru.tictactoe.TicTacToeTest" time="0.005"/>
  <testcase name="testXoreO" classname="is.ru.tictactoe.TicTacToeTest" time="0.0"/>
  <testcase name="testPlayer1" classname="is.ru.tictactoe.TicTacToeTest" time="0.05"/>
  <testcase name="testPlayer2" classname="is.ru.tictactoe.TicTacToeTest" time="0.002"/>
  <testcase name="testPlayers" classname="is.ru.tictactoe.TicTacToeTest" time="0.0"/>
  <testcase name="testX" classname="is.ru.tictactoe.TicTacToeTest" time="0.0"/>
  <testcase name="testWinnerCol" classname="is.ru.tictactoe.TicTacToeTest" time="0.0"/>
  <testcase name="testWinnerRow" classname="is.ru.tictactoe.TicTacToeTest" time="0.001"/>
  <testcase name="testWinnerDiag" classname="is.ru.tictactoe.TicTacToeTest" time="0.001"/>
  <testcase name="testWinnerLost" classname="is.ru.tictactoe.TicTacToeTest" time="0.0"/>
  <system-out><![CDATA[You chose to be player1
You chose to be player2
You chose to be player2
Congratulations player2, you won!!!
Congratulations player1, you won!!!!
Congratulation player1, you won!!!!
Congratulation player1, you won!!!
]]></system-out>
  <system-err><![CDATA[]]></system-err>
</testsuite>
