<?xml version="1.0" encoding="UTF-8"?>
<testsuite name="is.ru.tictactoe.TicTacToeTest" tests="10" skipped="0" failures="0" errors="0" timestamp="2014-10-30T22:38:12" hostname="i-3a29db7a" time="0.045">
  <properties/>
  <testcase name="testNotXO" classname="is.ru.tictactoe.TicTacToeTest" time="0.003"/>
  <testcase name="testXoreO" classname="is.ru.tictactoe.TicTacToeTest" time="0.001"/>
  <testcase name="testPlayer1" classname="is.ru.tictactoe.TicTacToeTest" time="0.022"/>
  <testcase name="testPlayer2" classname="is.ru.tictactoe.TicTacToeTest" time="0.0"/>
  <testcase name="testPlayers" classname="is.ru.tictactoe.TicTacToeTest" time="0.0"/>
  <testcase name="testX" classname="is.ru.tictactoe.TicTacToeTest" time="0.0"/>
  <testcase name="testWinnerCol" classname="is.ru.tictactoe.TicTacToeTest" time="0.001"/>
  <testcase name="testWinnerRow" classname="is.ru.tictactoe.TicTacToeTest" time="0.0"/>
  <testcase name="testWinnerDiag" classname="is.ru.tictactoe.TicTacToeTest" time="0.0"/>
  <testcase name="testWinnerLost" classname="is.ru.tictactoe.TicTacToeTest" time="0.0"/>
  <system-out><![CDATA[You chose to be player1
You chose to be player2
You chose to be player2
]]></system-out>
  <system-err><![CDATA[]]></system-err>
</testsuite>
