<?xml version="1.0" encoding="UTF-8"?>
<testsuite name="is.ru.tictactoe.TicTacToeTest" tests="4" skipped="0" failures="0" errors="0" timestamp="2014-10-29T21:42:22" hostname="i-3a29db7a" time="0.008">
  <properties/>
  <testcase name="testNotXO" classname="is.ru.tictactoe.TicTacToeTest" time="0.003"/>
  <testcase name="testXoreO" classname="is.ru.tictactoe.TicTacToeTest" time="0.001"/>
  <testcase name="testPlayers" classname="is.ru.tictactoe.TicTacToeTest" time="0.0"/>
  <testcase name="testX" classname="is.ru.tictactoe.TicTacToeTest" time="0.0"/>
  <system-out><![CDATA[]]></system-out>
  <system-err><![CDATA[]]></system-err>
</testsuite>
